# JRE version: Java(TM) SE Runtime Environment (8.0_101-b13) (build 1.8.0_101-b13)
# Java VM: Java HotSpot(TM) 64-Bit Server VM (25.101-b13 mixed mode windows-amd64 compressed oops)
Heap:
 PSYoungGen      total 37888K, used 3087K [0x00000000d6800000, 0x00000000d9200000, 0x0000000100000000)
  eden space 32768K, 0% used [0x00000000d6800000,0x00000000d6800000,0x00000000d8800000)
  from space 5120K, 60% used [0x00000000d8800000,0x00000000d8b03cd8,0x00000000d8d00000)
  to   space 5120K, 0% used [0x00000000d8d00000,0x00000000d8d00000,0x00000000d9200000)
 ParOldGen       total 86016K, used 72K [0x0000000083800000, 0x0000000088c00000, 0x00000000d6800000)
  object space 86016K, 0% used [0x0000000083800000,0x0000000083812010,0x0000000088c00000)
 Metaspace       used 10818K, capacity 11238K, committed 11392K, reserved 1062912K
  class space    used 1443K, capacity 1563K, committed 1664K, reserved 1048576K
GC Heap History (3 events):
Event: 0.670 GC heap before
{Heap before GC invocations=1 (full 0):
 PSYoungGen      total 37888K, used 25096K [0x00000000d6800000, 0x00000000d9200000, 0x0000000100000000)
  eden space 32768K, 76% used [0x00000000d6800000,0x00000000d8082228,0x00000000d8800000)
  from space 5120K, 0% used [0x00000000d8d00000,0x00000000d8d00000,0x00000000d9200000)
  to   space 5120K, 0% used [0x00000000d8800000,0x00000000d8800000,0x00000000d8d00000)
 ParOldGen       total 86016K, used 0K [0x0000000083800000, 0x0000000088c00000, 0x00000000d6800000)
  object space 86016K, 0% used [0x0000000083800000,0x0000000083800000,0x0000000088c00000)
 Metaspace       used 10818K, capacity 11238K, committed 11392K, reserved 1062912K
  class space    used 1443K, capacity 1563K, committed 1664K, reserved 1048576K
Event: 0.676 GC heap after
Heap after GC invocations=1 (full 0):
 PSYoungGen      total 37888K, used 3087K [0x00000000d6800000, 0x00000000d9200000, 0x0000000100000000)
  eden space 32768K, 0% used [0x00000000d6800000,0x00000000d6800000,0x00000000d8800000)
  from space 5120K, 60% used [0x00000000d8800000,0x00000000d8b03cd8,0x00000000d8d00000)
  to   space 5120K, 0% used [0x00000000d8d00000,0x00000000d8d00000,0x00000000d9200000)
 ParOldGen       total 86016K, used 72K [0x0000000083800000, 0x0000000088c00000, 0x00000000d6800000)
  object space 86016K, 0% used [0x0000000083800000,0x0000000083812010,0x0000000088c00000)
 Metaspace       used 10818K, capacity 11238K, committed 11392K, reserved 1062912K
  class space    used 1443K, capacity 1563K, committed 1664K, reserved 1048576K
}
Event: 0.676 GC heap before
{Heap before GC invocations=2 (full 1):
 PSYoungGen      total 37888K, used 3087K [0x00000000d6800000, 0x00000000d9200000, 0x0000000100000000)
  eden space 32768K, 0% used [0x00000000d6800000,0x00000000d6800000,0x00000000d8800000)
  from space 5120K, 60% used [0x00000000d8800000,0x00000000d8b03cd8,0x00000000d8d00000)
  to   space 5120K, 0% used [0x00000000d8d00000,0x00000000d8d00000,0x00000000d9200000)
 ParOldGen       total 86016K, used 72K [0x0000000083800000, 0x0000000088c00000, 0x00000000d6800000)
  object space 86016K, 0% used [0x0000000083800000,0x0000000083812010,0x0000000088c00000)
 Metaspace       used 10818K, capacity 11238K, committed 11392K, reserved 1062912K
  class space    used 1443K, capacity 1563K, committed 1664K, reserved 1048576K

