# JRE version: Java(TM) SE Runtime Environment (8.0_101-b13) (build 1.8.0_101-b13)
# Java VM: Java HotSpot(TM) 64-Bit Server VM (25.101-b13 mixed mode windows-amd64 compressed oops)
Heap:
 PSYoungGen      total 37888K, used 21645K [0x00000000d6800000, 0x00000000d9200000, 0x0000000100000000)
  eden space 32768K, 66% used [0x00000000d6800000,0x00000000d7d23478,0x00000000d8800000)
  from space 5120K, 0% used [0x00000000d8800000,0x00000000d8800000,0x00000000d8d00000)
  to   space 5120K, 0% used [0x00000000d8d00000,0x00000000d8d00000,0x00000000d9200000)
 ParOldGen       total 61440K, used 1341K [0x0000000083800000, 0x0000000087400000, 0x00000000d6800000)
  object space 61440K, 2% used [0x0000000083800000,0x000000008394f528,0x0000000087400000)
 Metaspace       used 11944K, capacity 12472K, committed 12672K, reserved 1062912K
  class space    used 1682K, capacity 1797K, committed 1920K, reserved 1048576K
GC Heap History (4 events):
Event: 0.288 GC heap before
{Heap before GC invocations=1 (full 0):
 PSYoungGen      total 37888K, used 7716K [0x00000000d6800000, 0x00000000d9200000, 0x0000000100000000)
  eden space 32768K, 23% used [0x00000000d6800000,0x00000000d6f89310,0x00000000d8800000)
  from space 5120K, 0% used [0x00000000d8d00000,0x00000000d8d00000,0x00000000d9200000)
  to   space 5120K, 0% used [0x00000000d8800000,0x00000000d8800000,0x00000000d8d00000)
 ParOldGen       total 86016K, used 0K [0x0000000083800000, 0x0000000088c00000, 0x00000000d6800000)
  object space 86016K, 0% used [0x0000000083800000,0x0000000083800000,0x0000000088c00000)
 Metaspace       used 5779K, capacity 6324K, committed 6400K, reserved 1060864K
  class space    used 654K, capacity 755K, committed 768K, reserved 1048576K
Event: 0.290 GC heap after
Heap after GC invocations=1 (full 0):
 PSYoungGen      total 37888K, used 1520K [0x00000000d6800000, 0x00000000d9200000, 0x0000000100000000)
  eden space 32768K, 0% used [0x00000000d6800000,0x00000000d6800000,0x00000000d8800000)
  from space 5120K, 29% used [0x00000000d8800000,0x00000000d897c030,0x00000000d8d00000)
  to   space 5120K, 0% used [0x00000000d8d00000,0x00000000d8d00000,0x00000000d9200000)
 ParOldGen       total 86016K, used 8K [0x0000000083800000, 0x0000000088c00000, 0x00000000d6800000)
  object space 86016K, 0% used [0x0000000083800000,0x0000000083802000,0x0000000088c00000)
 Metaspace       used 5779K, capacity 6324K, committed 6400K, reserved 1060864K
  class space    used 654K, capacity 755K, committed 768K, reserved 1048576K
}
Event: 0.290 GC heap before
{Heap before GC invocations=2 (full 1):
 PSYoungGen      total 37888K, used 1520K [0x00000000d6800000, 0x00000000d9200000, 0x0000000100000000)
  eden space 32768K, 0% used [0x00000000d6800000,0x00000000d6800000,0x00000000d8800000)
  from space 5120K, 29% used [0x00000000d8800000,0x00000000d897c030,0x00000000d8d00000)
  to   space 5120K, 0% used [0x00000000d8d00000,0x00000000d8d00000,0x00000000d9200000)
 ParOldGen       total 86016K, used 8K [0x0000000083800000, 0x0000000088c00000, 0x00000000d6800000)
  object space 86016K, 0% used [0x0000000083800000,0x0000000083802000,0x0000000088c00000)
 Metaspace       used 5779K, capacity 6324K, committed 6400K, reserved 1060864K
  class space    used 654K, capacity 755K, committed 768K, reserved 1048576K
Event: 0.297 GC heap after
Heap after GC invocations=2 (full 1):
 PSYoungGen      total 37888K, used 0K [0x00000000d6800000, 0x00000000d9200000, 0x0000000100000000)
  eden space 32768K, 0% used [0x00000000d6800000,0x00000000d6800000,0x00000000d8800000)
  from space 5120K, 0% used [0x00000000d8800000,0x00000000d8800000,0x00000000d8d00000)
  to   space 5120K, 0% used [0x00000000d8d00000,0x00000000d8d00000,0x00000000d9200000)
 ParOldGen       total 61440K, used 1341K [0x0000000083800000, 0x0000000087400000, 0x00000000d6800000)
  object space 61440K, 2% used [0x0000000083800000,0x000000008394f528,0x0000000087400000)
 Metaspace       used 5779K, capacity 6324K, committed 6400K, reserved 1058816K
  class space    used 654K, capacity 755K, committed 768K, reserved 1048576K
}

